Apr 30 10:36:09 fgitbxc299 glexec: lcmaps: /etc/lcmaps.db:156: [warning] rule is not part of the chain. 
Apr 30 10:36:09 fgitbxc299 glexec: lcmaps: Error: Verifying proxy: Proxy certificate expired. 
Apr 30 10:36:09 fgitbxc299 glexec: lcmaps: Error: Verifying certificate chain: certificate has expired  
Apr 30 10:36:09 fgitbxc299 glexec: lcmaps: LCMAPS failed to do mapping and return account information 
Apr 30 10:36:09 fgitbxc299 glexec[28712]:   LCMAPS failed. 
Apr 30 10:37:12 fgitbxc299 glexec: lcmaps: /etc/lcmaps.db:156: [warning] rule is not part of the chain. 
Apr 30 10:37:12 fgitbxc299 glexec: lcmaps: lcmaps_plugin_scas_client-plugin_run(): User "/DC=org/DC=doegrids/OU=People/CN=Steven Timm 74183" with first FQAN "/fermilab/Role=NULL/Capability=NULL" Permitted at endpoint "https://saz.fnal.gov:8443/saz/services/SAZXACMLAuthorizationServicePort" 
Apr 30 10:38:43 fgitbxc299 glexec: lcmaps: /etc/lcmaps.db:156: [warning] rule is not part of the chain. 
Apr 30 10:38:43 fgitbxc299 glexec: lcmaps: lcmaps_plugin_scas_client-plugin_run(): User "/DC=org/DC=doegrids/OU=People/CN=Steven Timm 74183" with first FQAN "/fermilab/Role=NULL/Capability=NULL" Permitted at endpoint "https://saz.fnal.gov:8443/saz/services/SAZXACMLAuthorizationServicePort" 
Apr 30 10:38:43 fgitbxc299 glexec: lcmaps: lcmaps_plugin_scas_client-plugin_run(): User "/DC=org/DC=doegrids/OU=People/CN=Steven Timm 74183" with first FQAN "/fermilab/Role=NULL/Capability=NULL" Permitted at endpoint "https://gums.fnal.gov:8443/gums/services/GUMSXACMLAuthorizationServicePort" 
Apr 30 10:38:43 fgitbxc299 glexec.mon[28764#28763]: Started, target uid 13160
Apr 30 10:38:43 fgitbxc299 glexec.mon[28764#28763]: Used DN: "/DC=org/DC=doegrids/OU=People/CN=Steven Timm 74183"
Apr 30 10:38:43 fgitbxc299 glexec.mon[28764#28763]: Used VO: "fermilab" Issuer: "/DC=org/DC=doegrids/OU=Services/CN=http/voms.fnal.gov"
Apr 30 10:38:43 fgitbxc299 glexec.mon[28764#28763]: Used FQAN: "/fermilab/Role=NULL/Capability=NULL"
Apr 30 10:38:43 fgitbxc299 glexec.mon[28764#28763]: Used FQAN: "/fermilab/accelerator/Role=NULL/Capability=NULL"
Apr 30 10:38:43 fgitbxc299 glexec.mon[28764#28763]: Used FQAN: "/fermilab/argoneut/Role=NULL/Capability=NULL"
Apr 30 10:38:43 fgitbxc299 glexec.mon[28764#28763]: Used FQAN: "/fermilab/astro/Role=NULL/Capability=NULL"
Apr 30 10:38:43 fgitbxc299 glexec.mon[28764#28763]: Used FQAN: "/fermilab/cdms/Role=NULL/Capability=NULL"
Apr 30 10:38:43 fgitbxc299 glexec.mon[28764#28763]: Used FQAN: "/fermilab/gm2/Role=NULL/Capability=NULL"
Apr 30 10:38:43 fgitbxc299 glexec.mon[28764#28763]: Used FQAN: "/fermilab/grid/Role=NULL/Capability=NULL"
Apr 30 10:38:43 fgitbxc299 glexec.mon[28764#28763]: Used FQAN: "/fermilab/hypercp/Role=NULL/Capability=NULL"
Apr 30 10:38:43 fgitbxc299 glexec.mon[28764#28763]: Used FQAN: "/fermilab/ktev/Role=NULL/Capability=NULL"
Apr 30 10:38:43 fgitbxc299 glexec.mon[28764#28763]: Used FQAN: "/fermilab/mars/Role=NULL/Capability=NULL"
Apr 30 10:38:43 fgitbxc299 glexec.mon[28764#28763]: Used FQAN: "/fermilab/mars/gm2/Role=NULL/Capability=NULL"
Apr 30 10:38:43 fgitbxc299 glexec.mon[28764#28763]: Used FQAN: "/fermilab/mars/lbne/Role=NULL/Capability=NULL"
Apr 30 10:38:43 fgitbxc299 glexec.mon[28764#28763]: Used FQAN: "/fermilab/minerva/Role=NULL/Capability=NULL"
Apr 30 10:38:43 fgitbxc299 glexec.mon[28764#28763]: Used FQAN: "/fermilab/miniboone/Role=NULL/Capability=NULL"
Apr 30 10:38:43 fgitbxc299 glexec.mon[28764#28763]: Used FQAN: "/fermilab/minos/Role=NULL/Capability=NULL"
Apr 30 10:38:43 fgitbxc299 glexec.mon[28764#28763]: Used FQAN: "/fermilab/minos/ukminos/Role=NULL/Capability=NULL"
Apr 30 10:38:43 fgitbxc299 glexec.mon[28764#28763]: Used FQAN: "/fermilab/mipp/Role=NULL/Capability=NULL"
Apr 30 10:38:43 fgitbxc299 glexec.mon[28764#28763]: Used FQAN: "/fermilab/mu2e/Role=NULL/Capability=NULL"
Apr 30 10:38:43 fgitbxc299 glexec.mon[28764#28763]: Used FQAN: "/fermilab/nova/Role=NULL/Capability=NULL"
Apr 30 10:38:43 fgitbxc299 glexec.mon[28764#28763]: Used FQAN: "/fermilab/numi/Role=NULL/Capability=NULL"
Apr 30 10:38:43 fgitbxc299 glexec.mon[28764#28763]: Used FQAN: "/fermilab/orka/Role=NULL/Capability=NULL"
Apr 30 10:38:43 fgitbxc299 glexec.mon[28764#28763]: Used FQAN: "/fermilab/patriot/Role=NULL/Capability=NULL"
Apr 30 10:38:43 fgitbxc299 glexec.mon[28764#28763]: Used FQAN: "/fermilab/test/Role=NULL/Capability=NULL"
Apr 30 10:38:43 fgitbxc299 glexec.mon[28764#28763]: Used FQAN: "/fermilab/theory/Role=NULL/Capability=NULL"
Apr 30 10:38:43 fgitbxc299 glexec.mon[28764#28763]: Used FQAN: "/fermilab/uboone/Role=NULL/Capability=NULL"
Apr 30 10:38:44 fgitbxc299 glexec: lcmaps: LCMAPS CRED FINAL: DN:"/DC=org/DC=doegrids/OU=People/CN=Steven Timm 74183"->mapped uid:'13160',pgid:'9767',sgid:'9767',sgid:'65000' 
Apr 30 10:38:44 fgitbxc299 glexec[28763]: real_user(timm),real_group(fnalgrid)->mapped_user(fnalgrid),mapped_group(fnalgrid) cwd: "/grid/home/fnalgrid" cmd: "/usr/bin/id" (="/usr/bin/id") 
Apr 30 10:38:51 fgitbxc299 glexec: lcmaps: /etc/lcmaps.db:156: [warning] rule is not part of the chain. 
Apr 30 10:38:51 fgitbxc299 glexec: lcmaps: lcmaps_plugin_scas_client-plugin_run(): User "/DC=org/DC=doegrids/OU=People/CN=Steven Timm 74183" with first FQAN "/fermilab/Role=NULL/Capability=NULL" Permitted at endpoint "https://saz.fnal.gov:8443/saz/services/SAZXACMLAuthorizationServicePort" 
Apr 30 10:38:51 fgitbxc299 glexec: lcmaps: lcmaps_plugin_scas_client-plugin_run(): User "/DC=org/DC=doegrids/OU=People/CN=Steven Timm 74183" with first FQAN "/fermilab/Role=NULL/Capability=NULL" Permitted at endpoint "https://gums.fnal.gov:8443/gums/services/GUMSXACMLAuthorizationServicePort" 
Apr 30 10:38:51 fgitbxc299 glexec.mon[28774#28773]: Started, target uid 13160
Apr 30 10:38:51 fgitbxc299 glexec.mon[28774#28773]: Used DN: "/DC=org/DC=doegrids/OU=People/CN=Steven Timm 74183"
Apr 30 10:38:51 fgitbxc299 glexec.mon[28774#28773]: Used VO: "fermilab" Issuer: "/DC=org/DC=doegrids/OU=Services/CN=http/voms.fnal.gov"
Apr 30 10:38:51 fgitbxc299 glexec.mon[28774#28773]: Used FQAN: "/fermilab/Role=NULL/Capability=NULL"
Apr 30 10:38:51 fgitbxc299 glexec.mon[28774#28773]: Used FQAN: "/fermilab/accelerator/Role=NULL/Capability=NULL"
Apr 30 10:38:51 fgitbxc299 glexec.mon[28774#28773]: Used FQAN: "/fermilab/argoneut/Role=NULL/Capability=NULL"
Apr 30 10:38:51 fgitbxc299 glexec.mon[28774#28773]: Used FQAN: "/fermilab/astro/Role=NULL/Capability=NULL"
Apr 30 10:38:51 fgitbxc299 glexec.mon[28774#28773]: Used FQAN: "/fermilab/cdms/Role=NULL/Capability=NULL"
Apr 30 10:38:51 fgitbxc299 glexec.mon[28774#28773]: Used FQAN: "/fermilab/gm2/Role=NULL/Capability=NULL"
Apr 30 10:38:51 fgitbxc299 glexec.mon[28774#28773]: Used FQAN: "/fermilab/grid/Role=NULL/Capability=NULL"
Apr 30 10:38:51 fgitbxc299 glexec.mon[28774#28773]: Used FQAN: "/fermilab/hypercp/Role=NULL/Capability=NULL"
Apr 30 10:38:51 fgitbxc299 glexec.mon[28774#28773]: Used FQAN: "/fermilab/ktev/Role=NULL/Capability=NULL"
Apr 30 10:38:51 fgitbxc299 glexec.mon[28774#28773]: Used FQAN: "/fermilab/mars/Role=NULL/Capability=NULL"
Apr 30 10:38:51 fgitbxc299 glexec.mon[28774#28773]: Used FQAN: "/fermilab/mars/gm2/Role=NULL/Capability=NULL"
Apr 30 10:38:51 fgitbxc299 glexec.mon[28774#28773]: Used FQAN: "/fermilab/mars/lbne/Role=NULL/Capability=NULL"
Apr 30 10:38:51 fgitbxc299 glexec.mon[28774#28773]: Used FQAN: "/fermilab/minerva/Role=NULL/Capability=NULL"
Apr 30 10:38:51 fgitbxc299 glexec.mon[28774#28773]: Used FQAN: "/fermilab/miniboone/Role=NULL/Capability=NULL"
Apr 30 10:38:51 fgitbxc299 glexec.mon[28774#28773]: Used FQAN: "/fermilab/minos/Role=NULL/Capability=NULL"
Apr 30 10:38:51 fgitbxc299 glexec.mon[28774#28773]: Used FQAN: "/fermilab/minos/ukminos/Role=NULL/Capability=NULL"
Apr 30 10:38:51 fgitbxc299 glexec.mon[28774#28773]: Used FQAN: "/fermilab/mipp/Role=NULL/Capability=NULL"
Apr 30 10:38:51 fgitbxc299 glexec.mon[28774#28773]: Used FQAN: "/fermilab/mu2e/Role=NULL/Capability=NULL"
Apr 30 10:38:51 fgitbxc299 glexec.mon[28774#28773]: Used FQAN: "/fermilab/nova/Role=NULL/Capability=NULL"
Apr 30 10:38:51 fgitbxc299 glexec.mon[28774#28773]: Used FQAN: "/fermilab/numi/Role=NULL/Capability=NULL"
Apr 30 10:38:51 fgitbxc299 glexec.mon[28774#28773]: Used FQAN: "/fermilab/orka/Role=NULL/Capability=NULL"
Apr 30 10:38:51 fgitbxc299 glexec.mon[28774#28773]: Used FQAN: "/fermilab/patriot/Role=NULL/Capability=NULL"
Apr 30 10:38:51 fgitbxc299 glexec.mon[28774#28773]: Used FQAN: "/fermilab/test/Role=NULL/Capability=NULL"
Apr 30 10:38:51 fgitbxc299 glexec.mon[28774#28773]: Used FQAN: "/fermilab/theory/Role=NULL/Capability=NULL"
Apr 30 10:38:51 fgitbxc299 glexec.mon[28774#28773]: Used FQAN: "/fermilab/uboone/Role=NULL/Capability=NULL"
Apr 30 10:38:51 fgitbxc299 glexec: lcmaps: LCMAPS CRED FINAL: DN:"/DC=org/DC=doegrids/OU=People/CN=Steven Timm 74183"->mapped uid:'13160',pgid:'9767',sgid:'9767',sgid:'65001' 
Apr 30 10:38:51 fgitbxc299 glexec[28773]: real_user(timm),real_group(fnalgrid)->mapped_user(fnalgrid),mapped_group(fnalgrid) cwd: "/grid/home/fnalgrid" cmd: "/bin/sleep" (="/bin/sleep") args: "60" 
Apr 30 10:39:44 fgitbxc299 glexec.mon[28764#28763]: Terminated, CPU user 0 system 0
Apr 30 10:39:51 fgitbxc299 glexec.mon[28774#28773]: Terminated, CPU user 0 system 0
Apr 30 10:45:07 fgitbxc299 glexec: lcmaps: /etc/lcmaps.db:156: [warning] rule is not part of the chain. 
Apr 30 10:45:07 fgitbxc299 glexec: lcmaps: lcmaps_plugin_scas_client-plugin_run(): User "/DC=org/DC=doegrids/OU=People/CN=Steven Timm 74183" with first FQAN "/fermilab/Role=NULL/Capability=NULL" Permitted at endpoint "https://saz.fnal.gov:8443/saz/services/SAZXACMLAuthorizationServicePort" 
Apr 30 10:45:07 fgitbxc299 glexec: lcmaps: lcmaps_plugin_scas_client-plugin_run(): User "/DC=org/DC=doegrids/OU=People/CN=Steven Timm 74183" with first FQAN "/fermilab/Role=NULL/Capability=NULL" Permitted at endpoint "https://gums.fnal.gov:8443/gums/services/GUMSXACMLAuthorizationServicePort" 
Apr 30 10:45:07 fgitbxc299 glexec.mon[28912#28911]: Started, target uid 13160
Apr 30 10:45:07 fgitbxc299 glexec.mon[28912#28911]: Used DN: "/DC=org/DC=doegrids/OU=People/CN=Steven Timm 74183"
Apr 30 10:45:07 fgitbxc299 glexec.mon[28912#28911]: Used VO: "fermilab" Issuer: "/DC=org/DC=doegrids/OU=Services/CN=http/voms.fnal.gov"
Apr 30 10:45:07 fgitbxc299 glexec.mon[28912#28911]: Used FQAN: "/fermilab/Role=NULL/Capability=NULL"
Apr 30 10:45:07 fgitbxc299 glexec.mon[28912#28911]: Used FQAN: "/fermilab/accelerator/Role=NULL/Capability=NULL"
Apr 30 10:45:07 fgitbxc299 glexec.mon[28912#28911]: Used FQAN: "/fermilab/argoneut/Role=NULL/Capability=NULL"
Apr 30 10:45:07 fgitbxc299 glexec.mon[28912#28911]: Used FQAN: "/fermilab/astro/Role=NULL/Capability=NULL"
Apr 30 10:45:07 fgitbxc299 glexec.mon[28912#28911]: Used FQAN: "/fermilab/cdms/Role=NULL/Capability=NULL"
Apr 30 10:45:07 fgitbxc299 glexec.mon[28912#28911]: Used FQAN: "/fermilab/gm2/Role=NULL/Capability=NULL"
Apr 30 10:45:07 fgitbxc299 glexec.mon[28912#28911]: Used FQAN: "/fermilab/grid/Role=NULL/Capability=NULL"
Apr 30 10:45:07 fgitbxc299 glexec.mon[28912#28911]: Used FQAN: "/fermilab/hypercp/Role=NULL/Capability=NULL"
Apr 30 10:45:07 fgitbxc299 glexec.mon[28912#28911]: Used FQAN: "/fermilab/ktev/Role=NULL/Capability=NULL"
Apr 30 10:45:07 fgitbxc299 glexec.mon[28912#28911]: Used FQAN: "/fermilab/mars/Role=NULL/Capability=NULL"
Apr 30 10:45:07 fgitbxc299 glexec.mon[28912#28911]: Used FQAN: "/fermilab/mars/gm2/Role=NULL/Capability=NULL"
Apr 30 10:45:07 fgitbxc299 glexec.mon[28912#28911]: Used FQAN: "/fermilab/mars/lbne/Role=NULL/Capability=NULL"
Apr 30 10:45:07 fgitbxc299 glexec.mon[28912#28911]: Used FQAN: "/fermilab/minerva/Role=NULL/Capability=NULL"
Apr 30 10:45:07 fgitbxc299 glexec.mon[28912#28911]: Used FQAN: "/fermilab/miniboone/Role=NULL/Capability=NULL"
Apr 30 10:45:07 fgitbxc299 glexec.mon[28912#28911]: Used FQAN: "/fermilab/minos/Role=NULL/Capability=NULL"
Apr 30 10:45:07 fgitbxc299 glexec.mon[28912#28911]: Used FQAN: "/fermilab/minos/ukminos/Role=NULL/Capability=NULL"
Apr 30 10:45:07 fgitbxc299 glexec.mon[28912#28911]: Used FQAN: "/fermilab/mipp/Role=NULL/Capability=NULL"
Apr 30 10:45:07 fgitbxc299 glexec.mon[28912#28911]: Used FQAN: "/fermilab/mu2e/Role=NULL/Capability=NULL"
Apr 30 10:45:07 fgitbxc299 glexec.mon[28912#28911]: Used FQAN: "/fermilab/nova/Role=NULL/Capability=NULL"
Apr 30 10:45:07 fgitbxc299 glexec.mon[28912#28911]: Used FQAN: "/fermilab/numi/Role=NULL/Capability=NULL"
Apr 30 10:45:07 fgitbxc299 glexec.mon[28912#28911]: Used FQAN: "/fermilab/orka/Role=NULL/Capability=NULL"
Apr 30 10:45:07 fgitbxc299 glexec.mon[28912#28911]: Used FQAN: "/fermilab/patriot/Role=NULL/Capability=NULL"
Apr 30 10:45:07 fgitbxc299 glexec.mon[28912#28911]: Used FQAN: "/fermilab/test/Role=NULL/Capability=NULL"
Apr 30 10:45:07 fgitbxc299 glexec.mon[28912#28911]: Used FQAN: "/fermilab/theory/Role=NULL/Capability=NULL"
Apr 30 10:45:07 fgitbxc299 glexec.mon[28912#28911]: Used FQAN: "/fermilab/uboone/Role=NULL/Capability=NULL"
Apr 30 10:45:07 fgitbxc299 glexec: lcmaps: LCMAPS CRED FINAL: DN:"/DC=org/DC=doegrids/OU=People/CN=Steven Timm 74183"->mapped uid:'13160',pgid:'9767',sgid:'9767',sgid:'65000' 
Apr 30 10:45:07 fgitbxc299 glexec[28911]: real_user(timm),real_group(fnalgrid)->mapped_user(fnalgrid),mapped_group(fnalgrid) cwd: "/grid/home/fnalgrid" cmd: "/bin/sleep" (="/bin/sleep") args: "60" 
Apr 30 10:46:20 fgitbxc299 glexec: lcmaps: /etc/lcmaps.db:156: [warning] rule is not part of the chain. 
Apr 30 10:46:21 fgitbxc299 glexec: lcmaps: lcmaps_plugin_scas_client-plugin_run(): User "/DC=org/DC=doegrids/OU=People/CN=Steven Timm 74183" with first FQAN "/fermilab/Role=NULL/Capability=NULL" Permitted at endpoint "https://saz.fnal.gov:8443/saz/services/SAZXACMLAuthorizationServicePort" 
Apr 30 10:46:21 fgitbxc299 glexec: lcmaps: lcmaps_plugin_scas_client-plugin_run(): User "/DC=org/DC=doegrids/OU=People/CN=Steven Timm 74183" with first FQAN "/fermilab/Role=NULL/Capability=NULL" Permitted at endpoint "https://gums.fnal.gov:8443/gums/services/GUMSXACMLAuthorizationServicePort" 
Apr 30 10:46:21 fgitbxc299 glexec.mon[28989#28988]: Started, target uid 13160
Apr 30 10:46:21 fgitbxc299 glexec.mon[28989#28988]: Used DN: "/DC=org/DC=doegrids/OU=People/CN=Steven Timm 74183"
Apr 30 10:46:21 fgitbxc299 glexec.mon[28989#28988]: Used VO: "fermilab" Issuer: "/DC=org/DC=doegrids/OU=Services/CN=http/voms.fnal.gov"
Apr 30 10:46:21 fgitbxc299 glexec.mon[28989#28988]: Used FQAN: "/fermilab/Role=NULL/Capability=NULL"
Apr 30 10:46:21 fgitbxc299 glexec.mon[28989#28988]: Used FQAN: "/fermilab/accelerator/Role=NULL/Capability=NULL"
Apr 30 10:46:21 fgitbxc299 glexec.mon[28989#28988]: Used FQAN: "/fermilab/argoneut/Role=NULL/Capability=NULL"
Apr 30 10:46:21 fgitbxc299 glexec.mon[28989#28988]: Used FQAN: "/fermilab/astro/Role=NULL/Capability=NULL"
Apr 30 10:46:21 fgitbxc299 glexec.mon[28989#28988]: Used FQAN: "/fermilab/cdms/Role=NULL/Capability=NULL"
Apr 30 10:46:21 fgitbxc299 glexec.mon[28989#28988]: Used FQAN: "/fermilab/gm2/Role=NULL/Capability=NULL"
Apr 30 10:46:21 fgitbxc299 glexec.mon[28989#28988]: Used FQAN: "/fermilab/grid/Role=NULL/Capability=NULL"
Apr 30 10:46:21 fgitbxc299 glexec.mon[28989#28988]: Used FQAN: "/fermilab/hypercp/Role=NULL/Capability=NULL"
Apr 30 10:46:21 fgitbxc299 glexec.mon[28989#28988]: Used FQAN: "/fermilab/ktev/Role=NULL/Capability=NULL"
Apr 30 10:46:21 fgitbxc299 glexec.mon[28989#28988]: Used FQAN: "/fermilab/mars/Role=NULL/Capability=NULL"
Apr 30 10:46:21 fgitbxc299 glexec.mon[28989#28988]: Used FQAN: "/fermilab/mars/gm2/Role=NULL/Capability=NULL"
Apr 30 10:46:21 fgitbxc299 glexec.mon[28989#28988]: Used FQAN: "/fermilab/mars/lbne/Role=NULL/Capability=NULL"
Apr 30 10:46:21 fgitbxc299 glexec.mon[28989#28988]: Used FQAN: "/fermilab/minerva/Role=NULL/Capability=NULL"
Apr 30 10:46:21 fgitbxc299 glexec.mon[28989#28988]: Used FQAN: "/fermilab/miniboone/Role=NULL/Capability=NULL"
Apr 30 10:46:21 fgitbxc299 glexec.mon[28989#28988]: Used FQAN: "/fermilab/minos/Role=NULL/Capability=NULL"
Apr 30 10:46:21 fgitbxc299 glexec.mon[28989#28988]: Used FQAN: "/fermilab/minos/ukminos/Role=NULL/Capability=NULL"
Apr 30 10:46:21 fgitbxc299 glexec.mon[28989#28988]: Used FQAN: "/fermilab/mipp/Role=NULL/Capability=NULL"
Apr 30 10:46:21 fgitbxc299 glexec.mon[28989#28988]: Used FQAN: "/fermilab/mu2e/Role=NULL/Capability=NULL"
Apr 30 10:46:21 fgitbxc299 glexec.mon[28989#28988]: Used FQAN: "/fermilab/nova/Role=NULL/Capability=NULL"
Apr 30 10:46:21 fgitbxc299 glexec.mon[28989#28988]: Used FQAN: "/fermilab/numi/Role=NULL/Capability=NULL"
Apr 30 10:46:21 fgitbxc299 glexec.mon[28989#28988]: Used FQAN: "/fermilab/orka/Role=NULL/Capability=NULL"
Apr 30 10:46:21 fgitbxc299 glexec.mon[28989#28988]: Used FQAN: "/fermilab/patriot/Role=NULL/Capability=NULL"
Apr 30 10:46:21 fgitbxc299 glexec.mon[28989#28988]: Used FQAN: "/fermilab/test/Role=NULL/Capability=NULL"
Apr 30 10:46:21 fgitbxc299 glexec.mon[28989#28988]: Used FQAN: "/fermilab/theory/Role=NULL/Capability=NULL"
Apr 30 10:46:21 fgitbxc299 glexec.mon[28989#28988]: Used FQAN: "/fermilab/uboone/Role=NULL/Capability=NULL"
Apr 30 10:46:21 fgitbxc299 glexec: lcmaps: LCMAPS CRED FINAL: DN:"/DC=org/DC=doegrids/OU=People/CN=Steven Timm 74183"->mapped uid:'13160',pgid:'9767',sgid:'9767',sgid:'65001' 
Apr 30 10:46:21 fgitbxc299 glexec[28988]: real_user(timm),real_group(fnalgrid)->mapped_user(fnalgrid),mapped_group(fnalgrid) cwd: "/grid/home/fnalgrid" cmd: "/usr/bin/id" (="/usr/bin/id") 
Apr 30 10:47:08 fgitbxc299 glexec.mon[28912#28911]: Terminated, CPU user 0 system 0
Apr 30 10:47:21 fgitbxc299 glexec.mon[28989#28988]: Terminated, CPU user 0 system 0
Apr 30 13:31:51 fgitbxc299 yum: Updated: gratia-probe-glexec-1.13.3-1.osg.el5.noarch
Apr 30 13:36:08 fgitbxc299 glexec: lcmaps: /etc/lcmaps.db:156: [warning] rule is not part of the chain. 
Apr 30 13:36:09 fgitbxc299 glexec: lcmaps: lcmaps_plugin_scas_client-plugin_run(): User "/DC=org/DC=doegrids/OU=People/CN=Steven Timm 74183" with first FQAN "/fermilab/Role=NULL/Capability=NULL" Permitted at endpoint "https://saz.fnal.gov:8443/saz/services/SAZXACMLAuthorizationServicePort" 
Apr 30 13:36:09 fgitbxc299 glexec: lcmaps: lcmaps_plugin_scas_client-plugin_run(): User "/DC=org/DC=doegrids/OU=People/CN=Steven Timm 74183" with first FQAN "/fermilab/Role=NULL/Capability=NULL" Permitted at endpoint "https://gums.fnal.gov:8443/gums/services/GUMSXACMLAuthorizationServicePort" 
Apr 30 13:36:09 fgitbxc299 glexec.mon[471#470]: Started, target uid 13160
Apr 30 13:36:09 fgitbxc299 glexec.mon[471#470]: Used DN: "/DC=org/DC=doegrids/OU=People/CN=Steven Timm 74183"
Apr 30 13:36:09 fgitbxc299 glexec.mon[471#470]: Used VO: "fermilab" Issuer: "/DC=org/DC=doegrids/OU=Services/CN=http/voms.fnal.gov"
Apr 30 13:36:09 fgitbxc299 glexec.mon[471#470]: Used FQAN: "/fermilab/Role=NULL/Capability=NULL"
Apr 30 13:36:09 fgitbxc299 glexec.mon[471#470]: Used FQAN: "/fermilab/accelerator/Role=NULL/Capability=NULL"
Apr 30 13:36:09 fgitbxc299 glexec.mon[471#470]: Used FQAN: "/fermilab/argoneut/Role=NULL/Capability=NULL"
Apr 30 13:36:09 fgitbxc299 glexec.mon[471#470]: Used FQAN: "/fermilab/astro/Role=NULL/Capability=NULL"
Apr 30 13:36:09 fgitbxc299 glexec.mon[471#470]: Used FQAN: "/fermilab/cdms/Role=NULL/Capability=NULL"
Apr 30 13:36:09 fgitbxc299 glexec.mon[471#470]: Used FQAN: "/fermilab/gm2/Role=NULL/Capability=NULL"
Apr 30 13:36:09 fgitbxc299 glexec.mon[471#470]: Used FQAN: "/fermilab/grid/Role=NULL/Capability=NULL"
Apr 30 13:36:09 fgitbxc299 glexec.mon[471#470]: Used FQAN: "/fermilab/hypercp/Role=NULL/Capability=NULL"
Apr 30 13:36:09 fgitbxc299 glexec.mon[471#470]: Used FQAN: "/fermilab/ktev/Role=NULL/Capability=NULL"
Apr 30 13:36:09 fgitbxc299 glexec.mon[471#470]: Used FQAN: "/fermilab/mars/Role=NULL/Capability=NULL"
Apr 30 13:36:09 fgitbxc299 glexec.mon[471#470]: Used FQAN: "/fermilab/mars/gm2/Role=NULL/Capability=NULL"
Apr 30 13:36:09 fgitbxc299 glexec.mon[471#470]: Used FQAN: "/fermilab/mars/lbne/Role=NULL/Capability=NULL"
Apr 30 13:36:09 fgitbxc299 glexec.mon[471#470]: Used FQAN: "/fermilab/minerva/Role=NULL/Capability=NULL"
Apr 30 13:36:09 fgitbxc299 glexec.mon[471#470]: Used FQAN: "/fermilab/miniboone/Role=NULL/Capability=NULL"
Apr 30 13:36:09 fgitbxc299 glexec.mon[471#470]: Used FQAN: "/fermilab/minos/Role=NULL/Capability=NULL"
Apr 30 13:36:09 fgitbxc299 glexec.mon[471#470]: Used FQAN: "/fermilab/minos/ukminos/Role=NULL/Capability=NULL"
Apr 30 13:36:09 fgitbxc299 glexec.mon[471#470]: Used FQAN: "/fermilab/mipp/Role=NULL/Capability=NULL"
Apr 30 13:36:09 fgitbxc299 glexec.mon[471#470]: Used FQAN: "/fermilab/mu2e/Role=NULL/Capability=NULL"
Apr 30 13:36:09 fgitbxc299 glexec.mon[471#470]: Used FQAN: "/fermilab/nova/Role=NULL/Capability=NULL"
Apr 30 13:36:09 fgitbxc299 glexec.mon[471#470]: Used FQAN: "/fermilab/numi/Role=NULL/Capability=NULL"
Apr 30 13:36:09 fgitbxc299 glexec.mon[471#470]: Used FQAN: "/fermilab/orka/Role=NULL/Capability=NULL"
Apr 30 13:36:09 fgitbxc299 glexec.mon[471#470]: Used FQAN: "/fermilab/patriot/Role=NULL/Capability=NULL"
Apr 30 13:36:09 fgitbxc299 glexec.mon[471#470]: Used FQAN: "/fermilab/test/Role=NULL/Capability=NULL"
Apr 30 13:36:09 fgitbxc299 glexec.mon[471#470]: Used FQAN: "/fermilab/theory/Role=NULL/Capability=NULL"
Apr 30 13:36:09 fgitbxc299 glexec.mon[471#470]: Used FQAN: "/fermilab/uboone/Role=NULL/Capability=NULL"
Apr 30 13:36:09 fgitbxc299 glexec: lcmaps: LCMAPS CRED FINAL: DN:"/DC=org/DC=doegrids/OU=People/CN=Steven Timm 74183"->mapped uid:'13160',pgid:'9767',sgid:'9767',sgid:'65000' 
Apr 30 13:36:09 fgitbxc299 glexec[470]: real_user(timm),real_group(fnalgrid)->mapped_user(fnalgrid),mapped_group(fnalgrid) cwd: "/grid/home/fnalgrid" cmd: "/usr/bin/id" (="/usr/bin/id") 
Apr 30 13:36:10 fgitbxc299 glexec: lcmaps: /etc/lcmaps.db:156: [warning] rule is not part of the chain. 
Apr 30 13:36:10 fgitbxc299 glexec: lcmaps: lcmaps_plugin_scas_client-plugin_run(): User "/DC=org/DC=doegrids/OU=People/CN=Steven Timm 74183" with first FQAN "/fermilab/Role=NULL/Capability=NULL" Permitted at endpoint "https://saz.fnal.gov:8443/saz/services/SAZXACMLAuthorizationServicePort" 
Apr 30 13:36:10 fgitbxc299 glexec: lcmaps: lcmaps_plugin_scas_client-plugin_run(): User "/DC=org/DC=doegrids/OU=People/CN=Steven Timm 74183" with first FQAN "/fermilab/Role=NULL/Capability=NULL" Permitted at endpoint "https://gums.fnal.gov:8443/gums/services/GUMSXACMLAuthorizationServicePort" 
Apr 30 13:36:10 fgitbxc299 glexec.mon[481#480]: Started, target uid 13160
Apr 30 13:36:10 fgitbxc299 glexec.mon[481#480]: Used DN: "/DC=org/DC=doegrids/OU=People/CN=Steven Timm 74183"
Apr 30 13:36:10 fgitbxc299 glexec.mon[481#480]: Used VO: "fermilab" Issuer: "/DC=org/DC=doegrids/OU=Services/CN=http/voms.fnal.gov"
Apr 30 13:36:10 fgitbxc299 glexec.mon[481#480]: Used FQAN: "/fermilab/Role=NULL/Capability=NULL"
Apr 30 13:36:10 fgitbxc299 glexec.mon[481#480]: Used FQAN: "/fermilab/accelerator/Role=NULL/Capability=NULL"
Apr 30 13:36:10 fgitbxc299 glexec.mon[481#480]: Used FQAN: "/fermilab/argoneut/Role=NULL/Capability=NULL"
Apr 30 13:36:10 fgitbxc299 glexec.mon[481#480]: Used FQAN: "/fermilab/astro/Role=NULL/Capability=NULL"
Apr 30 13:36:10 fgitbxc299 glexec.mon[481#480]: Used FQAN: "/fermilab/cdms/Role=NULL/Capability=NULL"
Apr 30 13:36:10 fgitbxc299 glexec.mon[481#480]: Used FQAN: "/fermilab/gm2/Role=NULL/Capability=NULL"
Apr 30 13:36:10 fgitbxc299 glexec.mon[481#480]: Used FQAN: "/fermilab/grid/Role=NULL/Capability=NULL"
Apr 30 13:36:10 fgitbxc299 glexec.mon[481#480]: Used FQAN: "/fermilab/hypercp/Role=NULL/Capability=NULL"
Apr 30 13:36:10 fgitbxc299 glexec.mon[481#480]: Used FQAN: "/fermilab/ktev/Role=NULL/Capability=NULL"
Apr 30 13:36:10 fgitbxc299 glexec.mon[481#480]: Used FQAN: "/fermilab/mars/Role=NULL/Capability=NULL"
Apr 30 13:36:10 fgitbxc299 glexec.mon[481#480]: Used FQAN: "/fermilab/mars/gm2/Role=NULL/Capability=NULL"
Apr 30 13:36:10 fgitbxc299 glexec.mon[481#480]: Used FQAN: "/fermilab/mars/lbne/Role=NULL/Capability=NULL"
Apr 30 13:36:10 fgitbxc299 glexec.mon[481#480]: Used FQAN: "/fermilab/minerva/Role=NULL/Capability=NULL"
Apr 30 13:36:10 fgitbxc299 glexec.mon[481#480]: Used FQAN: "/fermilab/miniboone/Role=NULL/Capability=NULL"
Apr 30 13:36:10 fgitbxc299 glexec.mon[481#480]: Used FQAN: "/fermilab/minos/Role=NULL/Capability=NULL"
Apr 30 13:36:10 fgitbxc299 glexec.mon[481#480]: Used FQAN: "/fermilab/minos/ukminos/Role=NULL/Capability=NULL"
Apr 30 13:36:10 fgitbxc299 glexec.mon[481#480]: Used FQAN: "/fermilab/mipp/Role=NULL/Capability=NULL"
Apr 30 13:36:10 fgitbxc299 glexec.mon[481#480]: Used FQAN: "/fermilab/mu2e/Role=NULL/Capability=NULL"
Apr 30 13:36:10 fgitbxc299 glexec.mon[481#480]: Used FQAN: "/fermilab/nova/Role=NULL/Capability=NULL"
Apr 30 13:36:10 fgitbxc299 glexec.mon[481#480]: Used FQAN: "/fermilab/numi/Role=NULL/Capability=NULL"
Apr 30 13:36:10 fgitbxc299 glexec.mon[481#480]: Used FQAN: "/fermilab/orka/Role=NULL/Capability=NULL"
Apr 30 13:36:10 fgitbxc299 glexec.mon[481#480]: Used FQAN: "/fermilab/patriot/Role=NULL/Capability=NULL"
Apr 30 13:36:10 fgitbxc299 glexec.mon[481#480]: Used FQAN: "/fermilab/test/Role=NULL/Capability=NULL"
Apr 30 13:36:10 fgitbxc299 glexec.mon[481#480]: Used FQAN: "/fermilab/theory/Role=NULL/Capability=NULL"
Apr 30 13:36:10 fgitbxc299 glexec.mon[481#480]: Used FQAN: "/fermilab/uboone/Role=NULL/Capability=NULL"
Apr 30 13:36:11 fgitbxc299 glexec: lcmaps: LCMAPS CRED FINAL: DN:"/DC=org/DC=doegrids/OU=People/CN=Steven Timm 74183"->mapped uid:'13160',pgid:'9767',sgid:'9767',sgid:'65001' 
Apr 30 13:36:11 fgitbxc299 glexec[480]: real_user(timm),real_group(fnalgrid)->mapped_user(fnalgrid),mapped_group(fnalgrid) cwd: "/grid/home/fnalgrid" cmd: "/usr/bin/id" (="/usr/bin/id") 
Apr 30 13:36:11 fgitbxc299 glexec: lcmaps: /etc/lcmaps.db:156: [warning] rule is not part of the chain. 
Apr 30 13:36:11 fgitbxc299 glexec: lcmaps: lcmaps_plugin_scas_client-plugin_run(): User "/DC=org/DC=doegrids/OU=People/CN=Steven Timm 74183" with first FQAN "/fermilab/Role=NULL/Capability=NULL" Permitted at endpoint "https://saz.fnal.gov:8443/saz/services/SAZXACMLAuthorizationServicePort" 
Apr 30 13:36:11 fgitbxc299 glexec: lcmaps: lcmaps_plugin_scas_client-plugin_run(): User "/DC=org/DC=doegrids/OU=People/CN=Steven Timm 74183" with first FQAN "/fermilab/Role=NULL/Capability=NULL" Permitted at endpoint "https://gums.fnal.gov:8443/gums/services/GUMSXACMLAuthorizationServicePort" 
Apr 30 13:36:11 fgitbxc299 glexec.mon[488#487]: Started, target uid 13160
Apr 30 13:36:11 fgitbxc299 glexec.mon[488#487]: Used DN: "/DC=org/DC=doegrids/OU=People/CN=Steven Timm 74183"
Apr 30 13:36:11 fgitbxc299 glexec.mon[488#487]: Used VO: "fermilab" Issuer: "/DC=org/DC=doegrids/OU=Services/CN=http/voms.fnal.gov"
Apr 30 13:36:11 fgitbxc299 glexec.mon[488#487]: Used FQAN: "/fermilab/Role=NULL/Capability=NULL"
Apr 30 13:36:11 fgitbxc299 glexec.mon[488#487]: Used FQAN: "/fermilab/accelerator/Role=NULL/Capability=NULL"
Apr 30 13:36:11 fgitbxc299 glexec.mon[488#487]: Used FQAN: "/fermilab/argoneut/Role=NULL/Capability=NULL"
Apr 30 13:36:11 fgitbxc299 glexec.mon[488#487]: Used FQAN: "/fermilab/astro/Role=NULL/Capability=NULL"
Apr 30 13:36:11 fgitbxc299 glexec.mon[488#487]: Used FQAN: "/fermilab/cdms/Role=NULL/Capability=NULL"
Apr 30 13:36:11 fgitbxc299 glexec.mon[488#487]: Used FQAN: "/fermilab/gm2/Role=NULL/Capability=NULL"
Apr 30 13:36:11 fgitbxc299 glexec.mon[488#487]: Used FQAN: "/fermilab/grid/Role=NULL/Capability=NULL"
Apr 30 13:36:11 fgitbxc299 glexec.mon[488#487]: Used FQAN: "/fermilab/hypercp/Role=NULL/Capability=NULL"
Apr 30 13:36:11 fgitbxc299 glexec.mon[488#487]: Used FQAN: "/fermilab/ktev/Role=NULL/Capability=NULL"
Apr 30 13:36:11 fgitbxc299 glexec.mon[488#487]: Used FQAN: "/fermilab/mars/Role=NULL/Capability=NULL"
Apr 30 13:36:11 fgitbxc299 glexec.mon[488#487]: Used FQAN: "/fermilab/mars/gm2/Role=NULL/Capability=NULL"
Apr 30 13:36:11 fgitbxc299 glexec.mon[488#487]: Used FQAN: "/fermilab/mars/lbne/Role=NULL/Capability=NULL"
Apr 30 13:36:11 fgitbxc299 glexec.mon[488#487]: Used FQAN: "/fermilab/minerva/Role=NULL/Capability=NULL"
Apr 30 13:36:11 fgitbxc299 glexec.mon[488#487]: Used FQAN: "/fermilab/miniboone/Role=NULL/Capability=NULL"
Apr 30 13:36:11 fgitbxc299 glexec.mon[488#487]: Used FQAN: "/fermilab/minos/Role=NULL/Capability=NULL"
Apr 30 13:36:11 fgitbxc299 glexec.mon[488#487]: Used FQAN: "/fermilab/minos/ukminos/Role=NULL/Capability=NULL"
Apr 30 13:36:11 fgitbxc299 glexec.mon[488#487]: Used FQAN: "/fermilab/mipp/Role=NULL/Capability=NULL"
Apr 30 13:36:11 fgitbxc299 glexec.mon[488#487]: Used FQAN: "/fermilab/mu2e/Role=NULL/Capability=NULL"
Apr 30 13:36:11 fgitbxc299 glexec.mon[488#487]: Used FQAN: "/fermilab/nova/Role=NULL/Capability=NULL"
Apr 30 13:36:11 fgitbxc299 glexec.mon[488#487]: Used FQAN: "/fermilab/numi/Role=NULL/Capability=NULL"
Apr 30 13:36:11 fgitbxc299 glexec.mon[488#487]: Used FQAN: "/fermilab/orka/Role=NULL/Capability=NULL"
Apr 30 13:36:11 fgitbxc299 glexec.mon[488#487]: Used FQAN: "/fermilab/patriot/Role=NULL/Capability=NULL"
Apr 30 13:36:11 fgitbxc299 glexec.mon[488#487]: Used FQAN: "/fermilab/test/Role=NULL/Capability=NULL"
Apr 30 13:36:11 fgitbxc299 glexec.mon[488#487]: Used FQAN: "/fermilab/theory/Role=NULL/Capability=NULL"
Apr 30 13:36:11 fgitbxc299 glexec.mon[488#487]: Used FQAN: "/fermilab/uboone/Role=NULL/Capability=NULL"
Apr 30 13:36:11 fgitbxc299 glexec: lcmaps: LCMAPS CRED FINAL: DN:"/DC=org/DC=doegrids/OU=People/CN=Steven Timm 74183"->mapped uid:'13160',pgid:'9767',sgid:'9767',sgid:'65002' 
Apr 30 13:36:11 fgitbxc299 glexec[487]: real_user(timm),real_group(fnalgrid)->mapped_user(fnalgrid),mapped_group(fnalgrid) cwd: "/grid/home/fnalgrid" cmd: "/usr/bin/id" (="/usr/bin/id") 
Apr 30 13:36:11 fgitbxc299 glexec: lcmaps: /etc/lcmaps.db:156: [warning] rule is not part of the chain. 
Apr 30 13:36:11 fgitbxc299 glexec: lcmaps: lcmaps_plugin_scas_client-plugin_run(): User "/DC=org/DC=doegrids/OU=People/CN=Steven Timm 74183" with first FQAN "/fermilab/Role=NULL/Capability=NULL" Permitted at endpoint "https://saz.fnal.gov:8443/saz/services/SAZXACMLAuthorizationServicePort" 
Apr 30 13:36:12 fgitbxc299 glexec: lcmaps: lcmaps_plugin_scas_client-plugin_run(): User "/DC=org/DC=doegrids/OU=People/CN=Steven Timm 74183" with first FQAN "/fermilab/Role=NULL/Capability=NULL" Permitted at endpoint "https://gums.fnal.gov:8443/gums/services/GUMSXACMLAuthorizationServicePort" 
Apr 30 13:36:12 fgitbxc299 glexec.mon[495#494]: Started, target uid 13160
Apr 30 13:36:12 fgitbxc299 glexec.mon[495#494]: Used DN: "/DC=org/DC=doegrids/OU=People/CN=Steven Timm 74183"
Apr 30 13:36:12 fgitbxc299 glexec.mon[495#494]: Used VO: "fermilab" Issuer: "/DC=org/DC=doegrids/OU=Services/CN=http/voms.fnal.gov"
Apr 30 13:36:12 fgitbxc299 glexec.mon[495#494]: Used FQAN: "/fermilab/Role=NULL/Capability=NULL"
Apr 30 13:36:12 fgitbxc299 glexec.mon[495#494]: Used FQAN: "/fermilab/accelerator/Role=NULL/Capability=NULL"
Apr 30 13:36:12 fgitbxc299 glexec.mon[495#494]: Used FQAN: "/fermilab/argoneut/Role=NULL/Capability=NULL"
Apr 30 13:36:12 fgitbxc299 glexec.mon[495#494]: Used FQAN: "/fermilab/astro/Role=NULL/Capability=NULL"
Apr 30 13:36:12 fgitbxc299 glexec.mon[495#494]: Used FQAN: "/fermilab/cdms/Role=NULL/Capability=NULL"
Apr 30 13:36:12 fgitbxc299 glexec.mon[495#494]: Used FQAN: "/fermilab/gm2/Role=NULL/Capability=NULL"
Apr 30 13:36:12 fgitbxc299 glexec.mon[495#494]: Used FQAN: "/fermilab/grid/Role=NULL/Capability=NULL"
Apr 30 13:36:12 fgitbxc299 glexec.mon[495#494]: Used FQAN: "/fermilab/hypercp/Role=NULL/Capability=NULL"
Apr 30 13:36:12 fgitbxc299 glexec.mon[495#494]: Used FQAN: "/fermilab/ktev/Role=NULL/Capability=NULL"
Apr 30 13:36:12 fgitbxc299 glexec.mon[495#494]: Used FQAN: "/fermilab/mars/Role=NULL/Capability=NULL"
Apr 30 13:36:12 fgitbxc299 glexec.mon[495#494]: Used FQAN: "/fermilab/mars/gm2/Role=NULL/Capability=NULL"
Apr 30 13:36:12 fgitbxc299 glexec.mon[495#494]: Used FQAN: "/fermilab/mars/lbne/Role=NULL/Capability=NULL"
Apr 30 13:36:12 fgitbxc299 glexec.mon[495#494]: Used FQAN: "/fermilab/minerva/Role=NULL/Capability=NULL"
Apr 30 13:36:12 fgitbxc299 glexec.mon[495#494]: Used FQAN: "/fermilab/miniboone/Role=NULL/Capability=NULL"
Apr 30 13:36:12 fgitbxc299 glexec.mon[495#494]: Used FQAN: "/fermilab/minos/Role=NULL/Capability=NULL"
Apr 30 13:36:12 fgitbxc299 glexec.mon[495#494]: Used FQAN: "/fermilab/minos/ukminos/Role=NULL/Capability=NULL"
Apr 30 13:36:12 fgitbxc299 glexec.mon[495#494]: Used FQAN: "/fermilab/mipp/Role=NULL/Capability=NULL"
Apr 30 13:36:12 fgitbxc299 glexec.mon[495#494]: Used FQAN: "/fermilab/mu2e/Role=NULL/Capability=NULL"
Apr 30 13:36:12 fgitbxc299 glexec.mon[495#494]: Used FQAN: "/fermilab/nova/Role=NULL/Capability=NULL"
Apr 30 13:36:12 fgitbxc299 glexec.mon[495#494]: Used FQAN: "/fermilab/numi/Role=NULL/Capability=NULL"
Apr 30 13:36:12 fgitbxc299 glexec.mon[495#494]: Used FQAN: "/fermilab/orka/Role=NULL/Capability=NULL"
Apr 30 13:36:12 fgitbxc299 glexec.mon[495#494]: Used FQAN: "/fermilab/patriot/Role=NULL/Capability=NULL"
Apr 30 13:36:12 fgitbxc299 glexec.mon[495#494]: Used FQAN: "/fermilab/test/Role=NULL/Capability=NULL"
Apr 30 13:36:12 fgitbxc299 glexec.mon[495#494]: Used FQAN: "/fermilab/theory/Role=NULL/Capability=NULL"
Apr 30 13:36:12 fgitbxc299 glexec.mon[495#494]: Used FQAN: "/fermilab/uboone/Role=NULL/Capability=NULL"
Apr 30 13:36:12 fgitbxc299 glexec: lcmaps: LCMAPS CRED FINAL: DN:"/DC=org/DC=doegrids/OU=People/CN=Steven Timm 74183"->mapped uid:'13160',pgid:'9767',sgid:'9767',sgid:'65003' 
Apr 30 13:36:12 fgitbxc299 glexec[494]: real_user(timm),real_group(fnalgrid)->mapped_user(fnalgrid),mapped_group(fnalgrid) cwd: "/grid/home/fnalgrid" cmd: "/usr/bin/id" (="/usr/bin/id") 
Apr 30 13:36:12 fgitbxc299 glexec: lcmaps: /etc/lcmaps.db:156: [warning] rule is not part of the chain. 
Apr 30 13:36:12 fgitbxc299 glexec: lcmaps: lcmaps_plugin_scas_client-plugin_run(): User "/DC=org/DC=doegrids/OU=People/CN=Steven Timm 74183" with first FQAN "/fermilab/Role=NULL/Capability=NULL" Permitted at endpoint "https://saz.fnal.gov:8443/saz/services/SAZXACMLAuthorizationServicePort" 
Apr 30 13:36:12 fgitbxc299 glexec: lcmaps: lcmaps_plugin_scas_client-plugin_run(): User "/DC=org/DC=doegrids/OU=People/CN=Steven Timm 74183" with first FQAN "/fermilab/Role=NULL/Capability=NULL" Permitted at endpoint "https://gums.fnal.gov:8443/gums/services/GUMSXACMLAuthorizationServicePort" 
Apr 30 13:36:12 fgitbxc299 glexec.mon[502#501]: Started, target uid 13160
Apr 30 13:36:12 fgitbxc299 glexec.mon[502#501]: Used DN: "/DC=org/DC=doegrids/OU=People/CN=Steven Timm 74183"
Apr 30 13:36:12 fgitbxc299 glexec.mon[502#501]: Used VO: "fermilab" Issuer: "/DC=org/DC=doegrids/OU=Services/CN=http/voms.fnal.gov"
Apr 30 13:36:12 fgitbxc299 glexec.mon[502#501]: Used FQAN: "/fermilab/Role=NULL/Capability=NULL"
Apr 30 13:36:12 fgitbxc299 glexec.mon[502#501]: Used FQAN: "/fermilab/accelerator/Role=NULL/Capability=NULL"
Apr 30 13:36:12 fgitbxc299 glexec.mon[502#501]: Used FQAN: "/fermilab/argoneut/Role=NULL/Capability=NULL"
Apr 30 13:36:12 fgitbxc299 glexec.mon[502#501]: Used FQAN: "/fermilab/astro/Role=NULL/Capability=NULL"
Apr 30 13:36:12 fgitbxc299 glexec.mon[502#501]: Used FQAN: "/fermilab/cdms/Role=NULL/Capability=NULL"
Apr 30 13:36:12 fgitbxc299 glexec.mon[502#501]: Used FQAN: "/fermilab/gm2/Role=NULL/Capability=NULL"
Apr 30 13:36:12 fgitbxc299 glexec.mon[502#501]: Used FQAN: "/fermilab/grid/Role=NULL/Capability=NULL"
Apr 30 13:36:12 fgitbxc299 glexec.mon[502#501]: Used FQAN: "/fermilab/hypercp/Role=NULL/Capability=NULL"
Apr 30 13:36:12 fgitbxc299 glexec.mon[502#501]: Used FQAN: "/fermilab/ktev/Role=NULL/Capability=NULL"
Apr 30 13:36:12 fgitbxc299 glexec.mon[502#501]: Used FQAN: "/fermilab/mars/Role=NULL/Capability=NULL"
Apr 30 13:36:12 fgitbxc299 glexec.mon[502#501]: Used FQAN: "/fermilab/mars/gm2/Role=NULL/Capability=NULL"
Apr 30 13:36:12 fgitbxc299 glexec.mon[502#501]: Used FQAN: "/fermilab/mars/lbne/Role=NULL/Capability=NULL"
Apr 30 13:36:12 fgitbxc299 glexec.mon[502#501]: Used FQAN: "/fermilab/minerva/Role=NULL/Capability=NULL"
Apr 30 13:36:12 fgitbxc299 glexec.mon[502#501]: Used FQAN: "/fermilab/miniboone/Role=NULL/Capability=NULL"
Apr 30 13:36:12 fgitbxc299 glexec.mon[502#501]: Used FQAN: "/fermilab/minos/Role=NULL/Capability=NULL"
Apr 30 13:36:12 fgitbxc299 glexec.mon[502#501]: Used FQAN: "/fermilab/minos/ukminos/Role=NULL/Capability=NULL"
Apr 30 13:36:12 fgitbxc299 glexec.mon[502#501]: Used FQAN: "/fermilab/mipp/Role=NULL/Capability=NULL"
Apr 30 13:36:12 fgitbxc299 glexec.mon[502#501]: Used FQAN: "/fermilab/mu2e/Role=NULL/Capability=NULL"
Apr 30 13:36:12 fgitbxc299 glexec.mon[502#501]: Used FQAN: "/fermilab/nova/Role=NULL/Capability=NULL"
Apr 30 13:36:12 fgitbxc299 glexec.mon[502#501]: Used FQAN: "/fermilab/numi/Role=NULL/Capability=NULL"
Apr 30 13:36:12 fgitbxc299 glexec.mon[502#501]: Used FQAN: "/fermilab/orka/Role=NULL/Capability=NULL"
Apr 30 13:36:12 fgitbxc299 glexec.mon[502#501]: Used FQAN: "/fermilab/patriot/Role=NULL/Capability=NULL"
Apr 30 13:36:12 fgitbxc299 glexec.mon[502#501]: Used FQAN: "/fermilab/test/Role=NULL/Capability=NULL"
Apr 30 13:36:12 fgitbxc299 glexec.mon[502#501]: Used FQAN: "/fermilab/theory/Role=NULL/Capability=NULL"
Apr 30 13:36:12 fgitbxc299 glexec.mon[502#501]: Used FQAN: "/fermilab/uboone/Role=NULL/Capability=NULL"
Apr 30 13:36:13 fgitbxc299 glexec: lcmaps: LCMAPS CRED FINAL: DN:"/DC=org/DC=doegrids/OU=People/CN=Steven Timm 74183"->mapped uid:'13160',pgid:'9767',sgid:'9767',sgid:'65004' 
Apr 30 13:36:13 fgitbxc299 glexec[501]: real_user(timm),real_group(fnalgrid)->mapped_user(fnalgrid),mapped_group(fnalgrid) cwd: "/grid/home/fnalgrid" cmd: "/usr/bin/id" (="/usr/bin/id") 
Apr 30 13:36:13 fgitbxc299 glexec: lcmaps: /etc/lcmaps.db:156: [warning] rule is not part of the chain. 
Apr 30 13:36:13 fgitbxc299 glexec: lcmaps: lcmaps_plugin_scas_client-plugin_run(): User "/DC=org/DC=doegrids/OU=People/CN=Steven Timm 74183" with first FQAN "/fermilab/Role=NULL/Capability=NULL" Permitted at endpoint "https://saz.fnal.gov:8443/saz/services/SAZXACMLAuthorizationServicePort" 
Apr 30 13:36:13 fgitbxc299 glexec: lcmaps: lcmaps_plugin_scas_client-plugin_run(): User "/DC=org/DC=doegrids/OU=People/CN=Steven Timm 74183" with first FQAN "/fermilab/Role=NULL/Capability=NULL" Permitted at endpoint "https://gums.fnal.gov:8443/gums/services/GUMSXACMLAuthorizationServicePort" 
Apr 30 13:36:13 fgitbxc299 glexec.mon[509#508]: Started, target uid 13160
Apr 30 13:36:13 fgitbxc299 glexec.mon[509#508]: Used DN: "/DC=org/DC=doegrids/OU=People/CN=Steven Timm 74183"
Apr 30 13:36:13 fgitbxc299 glexec.mon[509#508]: Used VO: "fermilab" Issuer: "/DC=org/DC=doegrids/OU=Services/CN=http/voms.fnal.gov"
Apr 30 13:36:13 fgitbxc299 glexec.mon[509#508]: Used FQAN: "/fermilab/Role=NULL/Capability=NULL"
Apr 30 13:36:13 fgitbxc299 glexec.mon[509#508]: Used FQAN: "/fermilab/accelerator/Role=NULL/Capability=NULL"
Apr 30 13:36:13 fgitbxc299 glexec.mon[509#508]: Used FQAN: "/fermilab/argoneut/Role=NULL/Capability=NULL"
Apr 30 13:36:13 fgitbxc299 glexec.mon[509#508]: Used FQAN: "/fermilab/astro/Role=NULL/Capability=NULL"
Apr 30 13:36:13 fgitbxc299 glexec.mon[509#508]: Used FQAN: "/fermilab/cdms/Role=NULL/Capability=NULL"
Apr 30 13:36:13 fgitbxc299 glexec.mon[509#508]: Used FQAN: "/fermilab/gm2/Role=NULL/Capability=NULL"
Apr 30 13:36:13 fgitbxc299 glexec.mon[509#508]: Used FQAN: "/fermilab/grid/Role=NULL/Capability=NULL"
Apr 30 13:36:13 fgitbxc299 glexec.mon[509#508]: Used FQAN: "/fermilab/hypercp/Role=NULL/Capability=NULL"
Apr 30 13:36:13 fgitbxc299 glexec.mon[509#508]: Used FQAN: "/fermilab/ktev/Role=NULL/Capability=NULL"
Apr 30 13:36:13 fgitbxc299 glexec.mon[509#508]: Used FQAN: "/fermilab/mars/Role=NULL/Capability=NULL"
Apr 30 13:36:13 fgitbxc299 glexec.mon[509#508]: Used FQAN: "/fermilab/mars/gm2/Role=NULL/Capability=NULL"
Apr 30 13:36:13 fgitbxc299 glexec.mon[509#508]: Used FQAN: "/fermilab/mars/lbne/Role=NULL/Capability=NULL"
Apr 30 13:36:13 fgitbxc299 glexec.mon[509#508]: Used FQAN: "/fermilab/minerva/Role=NULL/Capability=NULL"
Apr 30 13:36:13 fgitbxc299 glexec.mon[509#508]: Used FQAN: "/fermilab/miniboone/Role=NULL/Capability=NULL"
Apr 30 13:36:13 fgitbxc299 glexec.mon[509#508]: Used FQAN: "/fermilab/minos/Role=NULL/Capability=NULL"
Apr 30 13:36:13 fgitbxc299 glexec.mon[509#508]: Used FQAN: "/fermilab/minos/ukminos/Role=NULL/Capability=NULL"
Apr 30 13:36:13 fgitbxc299 glexec.mon[509#508]: Used FQAN: "/fermilab/mipp/Role=NULL/Capability=NULL"
Apr 30 13:36:13 fgitbxc299 glexec.mon[509#508]: Used FQAN: "/fermilab/mu2e/Role=NULL/Capability=NULL"
Apr 30 13:36:13 fgitbxc299 glexec.mon[509#508]: Used FQAN: "/fermilab/nova/Role=NULL/Capability=NULL"
Apr 30 13:36:13 fgitbxc299 glexec.mon[509#508]: Used FQAN: "/fermilab/numi/Role=NULL/Capability=NULL"
Apr 30 13:36:13 fgitbxc299 glexec.mon[509#508]: Used FQAN: "/fermilab/orka/Role=NULL/Capability=NULL"
Apr 30 13:36:13 fgitbxc299 glexec.mon[509#508]: Used FQAN: "/fermilab/patriot/Role=NULL/Capability=NULL"
Apr 30 13:36:13 fgitbxc299 glexec.mon[509#508]: Used FQAN: "/fermilab/test/Role=NULL/Capability=NULL"
Apr 30 13:36:13 fgitbxc299 glexec.mon[509#508]: Used FQAN: "/fermilab/theory/Role=NULL/Capability=NULL"
Apr 30 13:36:13 fgitbxc299 glexec.mon[509#508]: Used FQAN: "/fermilab/uboone/Role=NULL/Capability=NULL"
Apr 30 13:36:13 fgitbxc299 glexec: lcmaps: LCMAPS CRED FINAL: DN:"/DC=org/DC=doegrids/OU=People/CN=Steven Timm 74183"->mapped uid:'13160',pgid:'9767',sgid:'9767',sgid:'65005' 
Apr 30 13:36:13 fgitbxc299 glexec[508]: real_user(timm),real_group(fnalgrid)->mapped_user(fnalgrid),mapped_group(fnalgrid) cwd: "/grid/home/fnalgrid" cmd: "/usr/bin/id" (="/usr/bin/id") 
Apr 30 13:36:15 fgitbxc299 glexec: lcmaps: /etc/lcmaps.db:156: [warning] rule is not part of the chain. 
Apr 30 13:36:15 fgitbxc299 glexec: lcmaps: lcmaps_plugin_scas_client-plugin_run(): User "/DC=org/DC=doegrids/OU=People/CN=Steven Timm 74183" with first FQAN "/fermilab/Role=NULL/Capability=NULL" Permitted at endpoint "https://saz.fnal.gov:8443/saz/services/SAZXACMLAuthorizationServicePort" 
Apr 30 13:36:15 fgitbxc299 glexec: lcmaps: lcmaps_plugin_scas_client-plugin_run(): User "/DC=org/DC=doegrids/OU=People/CN=Steven Timm 74183" with first FQAN "/fermilab/Role=NULL/Capability=NULL" Permitted at endpoint "https://gums.fnal.gov:8443/gums/services/GUMSXACMLAuthorizationServicePort" 
Apr 30 13:36:15 fgitbxc299 glexec.mon[517#516]: Started, target uid 13160
Apr 30 13:36:15 fgitbxc299 glexec.mon[517#516]: Used DN: "/DC=org/DC=doegrids/OU=People/CN=Steven Timm 74183"
Apr 30 13:36:15 fgitbxc299 glexec.mon[517#516]: Used VO: "fermilab" Issuer: "/DC=org/DC=doegrids/OU=Services/CN=http/voms.fnal.gov"
Apr 30 13:36:15 fgitbxc299 glexec.mon[517#516]: Used FQAN: "/fermilab/Role=NULL/Capability=NULL"
Apr 30 13:36:15 fgitbxc299 glexec.mon[517#516]: Used FQAN: "/fermilab/accelerator/Role=NULL/Capability=NULL"
Apr 30 13:36:15 fgitbxc299 glexec.mon[517#516]: Used FQAN: "/fermilab/argoneut/Role=NULL/Capability=NULL"
Apr 30 13:36:15 fgitbxc299 glexec.mon[517#516]: Used FQAN: "/fermilab/astro/Role=NULL/Capability=NULL"
Apr 30 13:36:15 fgitbxc299 glexec.mon[517#516]: Used FQAN: "/fermilab/cdms/Role=NULL/Capability=NULL"
Apr 30 13:36:15 fgitbxc299 glexec.mon[517#516]: Used FQAN: "/fermilab/gm2/Role=NULL/Capability=NULL"
Apr 30 13:36:15 fgitbxc299 glexec.mon[517#516]: Used FQAN: "/fermilab/grid/Role=NULL/Capability=NULL"
Apr 30 13:36:15 fgitbxc299 glexec.mon[517#516]: Used FQAN: "/fermilab/hypercp/Role=NULL/Capability=NULL"
Apr 30 13:36:15 fgitbxc299 glexec.mon[517#516]: Used FQAN: "/fermilab/ktev/Role=NULL/Capability=NULL"
Apr 30 13:36:15 fgitbxc299 glexec.mon[517#516]: Used FQAN: "/fermilab/mars/Role=NULL/Capability=NULL"
Apr 30 13:36:15 fgitbxc299 glexec.mon[517#516]: Used FQAN: "/fermilab/mars/gm2/Role=NULL/Capability=NULL"
Apr 30 13:36:15 fgitbxc299 glexec.mon[517#516]: Used FQAN: "/fermilab/mars/lbne/Role=NULL/Capability=NULL"
Apr 30 13:36:15 fgitbxc299 glexec.mon[517#516]: Used FQAN: "/fermilab/minerva/Role=NULL/Capability=NULL"
Apr 30 13:36:15 fgitbxc299 glexec.mon[517#516]: Used FQAN: "/fermilab/miniboone/Role=NULL/Capability=NULL"
Apr 30 13:36:15 fgitbxc299 glexec.mon[517#516]: Used FQAN: "/fermilab/minos/Role=NULL/Capability=NULL"
Apr 30 13:36:15 fgitbxc299 glexec.mon[517#516]: Used FQAN: "/fermilab/minos/ukminos/Role=NULL/Capability=NULL"
Apr 30 13:36:15 fgitbxc299 glexec.mon[517#516]: Used FQAN: "/fermilab/mipp/Role=NULL/Capability=NULL"
Apr 30 13:36:15 fgitbxc299 glexec.mon[517#516]: Used FQAN: "/fermilab/mu2e/Role=NULL/Capability=NULL"
Apr 30 13:36:15 fgitbxc299 glexec.mon[517#516]: Used FQAN: "/fermilab/nova/Role=NULL/Capability=NULL"
Apr 30 13:36:15 fgitbxc299 glexec.mon[517#516]: Used FQAN: "/fermilab/numi/Role=NULL/Capability=NULL"
Apr 30 13:36:15 fgitbxc299 glexec.mon[517#516]: Used FQAN: "/fermilab/orka/Role=NULL/Capability=NULL"
Apr 30 13:36:15 fgitbxc299 glexec.mon[517#516]: Used FQAN: "/fermilab/patriot/Role=NULL/Capability=NULL"
Apr 30 13:36:15 fgitbxc299 glexec.mon[517#516]: Used FQAN: "/fermilab/test/Role=NULL/Capability=NULL"
Apr 30 13:36:15 fgitbxc299 glexec.mon[517#516]: Used FQAN: "/fermilab/theory/Role=NULL/Capability=NULL"
Apr 30 13:36:15 fgitbxc299 glexec.mon[517#516]: Used FQAN: "/fermilab/uboone/Role=NULL/Capability=NULL"
Apr 30 13:36:15 fgitbxc299 glexec: lcmaps: LCMAPS CRED FINAL: DN:"/DC=org/DC=doegrids/OU=People/CN=Steven Timm 74183"->mapped uid:'13160',pgid:'9767',sgid:'9767',sgid:'65006' 
Apr 30 13:36:15 fgitbxc299 glexec[516]: real_user(timm),real_group(fnalgrid)->mapped_user(fnalgrid),mapped_group(fnalgrid) cwd: "/grid/home/fnalgrid" cmd: "/usr/bin/id" (="/usr/bin/id") 
